Invalid query or row data: 
                                INSERT INTO tb_akv_assets (kabtk1, captk1, hptk1, hctk1, sumofturtk1,kabtk2, captk2, hptk2, hctk2, sumofturtk2,kabtk4, captk4, hptk4, hctk4, sumofturtk4,kab_invest, captk_invest, hptk_invest, hctk_invest, sumofturtk_invest,kabcb1, capcb1, hpcb1, hccb1, sumofturcb1,kabcb2, capcb2, hpcb2, hccb2, sumofturcb2,kabcb3, capcb3, hpcb3, hccb3, sumofturcb3, sumofturtk_invest)
                                VALUES (%s, %s, %s, %s, %s, %s, %s, %s, %s, %s, %s, %s, %s, %s, %s, %s, %s, %s, %s, %s, %s, %s, %s, %s, %s, %s, %s, %s, %s, %s, %s, %s, %s, %s, %s, %s);
                                 - [3, 'TASIKMALAYA', 1024, 1496, 1041, 0.7, 'TASIKMALAYA', 13312, 17264, 11218, 0.65, 'TASIKMALAYA', 28672, 28672, 3021, 0, 'default', 0, 0, 0, 0, 'TASIKMALAYA', 9216, 9872, 3237, 0.33, 'default', 0, 0, 0, 0, 'TASIKMALAYA', 3072, 3072, 267, 0.09]
Invalid query or row data: 
                                INSERT INTO tb_akv_assets (kabtk1, captk1, hptk1, hctk1, sumofturtk1,kabtk2, captk2, hptk2, hctk2, sumofturtk2,kabtk4, captk4, hptk4, hctk4, sumofturtk4,kab_invest, captk_invest, hptk_invest, hctk_invest, sumofturtk_invest,kabcb1, capcb1, hpcb1, hccb1, sumofturcb1,kabcb2, capcb2, hpcb2, hccb2, sumofturcb2,kabcb3, capcb3, hpcb3, hccb3, sumofturcb3, sumofturtk_invest)
                                VALUES (%s, %s, %s, %s, %s, %s, %s, %s, %s, %s, %s, %s, %s, %s, %s, %s, %s, %s, %s, %s, %s, %s, %s, %s, %s, %s, %s, %s, %s, %s, %s, %s, %s, %s, %s, %s);
                                 - [1, 'BANDUNG', 1024, 1152, 621, 0.54, 'BANDUNG', 12800, 16360, 11301, 0.69, 'BANDUNG', 14336, 14848, 2003, 0, 'BANDUNG', 3072, 2728, 1350, 0.49, 'BANDUNG', 10240, 10960, 4738, 0.43, 'CIREBON', 2048, 2048, 146, 0.07, 'BANDUNG', 3584, 3616, 345, 0.1]
Invalid query or row data: 
                                INSERT INTO tb_akv_assets (kabtk1, captk1, hptk1, hctk1, sumofturtk1,kabtk2, captk2, hptk2, hctk2, sumofturtk2,kabtk4, captk4, hptk4, hctk4, sumofturtk4,kab_invest, captk_invest, hptk_invest, hctk_invest, sumofturtk_invest,kabcb1, capcb1, hpcb1, hccb1, sumofturcb1,kabcb2, capcb2, hpcb2, hccb2, sumofturcb2,kabcb3, capcb3, hpcb3, hccb3, sumofturcb3, sumofturtk_invest)
                                VALUES (%s, %s, %s, %s, %s, %s, %s, %s, %s, %s, %s, %s, %s, %s, %s, %s, %s, %s, %s, %s, %s, %s, %s, %s, %s, %s, %s, %s, %s, %s, %s, %s, %s, %s, %s, %s);
                                 - [2, 'CIREBON', 1536, 1968, 1249, 0.63, 'CIREBON', 9728, 13152, 9627, 0.73, 'CIREBON', 43008, 43008, 2990, 0, 'BANDUNG', 0, 0, 0, 0, 'CIREBON', 9216, 9392, 3064, 0.33, 'TASIKMALAYA', 1024, 1024, 32, 0.03, 'CIREBON', 14848, 14848, 536, 0.04]
Invalid query or row data: 
                                INSERT INTO tb_akv_assets (kabtk1, captk1, hptk1, hctk1, sumofturtk1,kabtk2, captk2, hptk2, hctk2, sumofturtk2,kabtk4, captk4, hptk4, hctk4, sumofturtk4,kab_invest, captk_invest, hptk_invest, hctk_invest, sumofturtk_invest,kabcb1, capcb1, hpcb1, hccb1, sumofturcb1,kabcb2, capcb2, hpcb2, hccb2, sumofturcb2,kabcb3, capcb3, hpcb3, hccb3, sumofturcb3, sumofturtk_invest)
                                VALUES (%s, %s, %s, %s, %s, %s, %s, %s, %s, %s, %s, %s, %s, %s, %s, %s, %s, %s, %s, %s, %s, %s, %s, %s, %s, %s, %s, %s, %s, %s, %s, %s, %s, %s, %s, %s);
                                 - [3, 'TASIKMALAYA', 1024, 1496, 1041, 0.7, 'TASIKMALAYA', 13312, 17264, 11218, 0.65, 'TASIKMALAYA', 28672, 28672, 3021, 0, 'default', 0, 0, 0, 0, 'TASIKMALAYA', 9216, 9872, 3237, 0.33, 'default', 0, 0, 0, 0, 'TASIKMALAYA', 3072, 3072, 267, 0.09]
Invalid query or row data: 
                                INSERT INTO tb_akv_assets (kabtk1, captk1, hptk1, hctk1, sumofturtk1,kabtk2, captk2, hptk2, hctk2,sumofturtk2,kabtk4, captk4, hptk4, hctk4, sumofturtk4,kab_invest, captk_invest, hptk_invest, hctk_invest, sumofturtk_invest,kabcb1, capcb1, hpcb1, hccb1, sumofturcb1,kabcb2, capcb2, hpcb2, hccb2, sumofturcb2,kabcb3, capcb3, hpcb3, hccb3, sumofturcb3)
                                VALUES (%s, %s, %s, %s, %s, %s, %s, %s, %s, %s, %s, %s, %s, %s, %s, %s, %s, %s, %s, %s, %s, %s, %s, %s, %s, %s, %s, %s, %s, %s, %s, %s, %s, %s, %s, %s);
                                 - [1, 'BANDUNG', 1024, 1152, 621, 0.54, 'BANDUNG', 12800, 16360, 11301, 0.69, 'BANDUNG', 14336, 14848, 2003, 0, 'BANDUNG', 3072, 2728, 1350, 0.49, 'BANDUNG', 10240, 10960, 4738, 0.43, 'CIREBON', 2048, 2048, 146, 0.07, 'BANDUNG', 3584, 3616, 345, 0.1]
Invalid query or row data: 
                                INSERT INTO tb_akv_assets (kabtk1, captk1, hptk1, hctk1, sumofturtk1,kabtk2, captk2, hptk2, hctk2,sumofturtk2,kabtk4, captk4, hptk4, hctk4, sumofturtk4,kab_invest, captk_invest, hptk_invest, hctk_invest, sumofturtk_invest,kabcb1, capcb1, hpcb1, hccb1, sumofturcb1,kabcb2, capcb2, hpcb2, hccb2, sumofturcb2,kabcb3, capcb3, hpcb3, hccb3, sumofturcb3)
                                VALUES (%s, %s, %s, %s, %s, %s, %s, %s, %s, %s, %s, %s, %s, %s, %s, %s, %s, %s, %s, %s, %s, %s, %s, %s, %s, %s, %s, %s, %s, %s, %s, %s, %s, %s, %s, %s);
                                 - [2, 'CIREBON', 1536, 1968, 1249, 0.63, 'CIREBON', 9728, 13152, 9627, 0.73, 'CIREBON', 43008, 43008, 2990, 0, 'BANDUNG', 0, 0, 0, 0, 'CIREBON', 9216, 9392, 3064, 0.33, 'TASIKMALAYA', 1024, 1024, 32, 0.03, 'CIREBON', 14848, 14848, 536, 0.04]
Invalid query or row data: 
                                INSERT INTO tb_akv_assets (kabtk1, captk1, hptk1, hctk1, sumofturtk1,kabtk2, captk2, hptk2, hctk2,sumofturtk2,kabtk4, captk4, hptk4, hctk4, sumofturtk4,kab_invest, captk_invest, hptk_invest, hctk_invest, sumofturtk_invest,kabcb1, capcb1, hpcb1, hccb1, sumofturcb1,kabcb2, capcb2, hpcb2, hccb2, sumofturcb2,kabcb3, capcb3, hpcb3, hccb3, sumofturcb3)
                                VALUES (%s, %s, %s, %s, %s, %s, %s, %s, %s, %s, %s, %s, %s, %s, %s, %s, %s, %s, %s, %s, %s, %s, %s, %s, %s, %s, %s, %s, %s, %s, %s, %s, %s, %s, %s, %s);
                                 - [3, 'TASIKMALAYA', 1024, 1496, 1041, 0.7, 'TASIKMALAYA', 13312, 17264, 11218, 0.65, 'TASIKMALAYA', 28672, 28672, 3021, 0, 'default', 0, 0, 0, 0, 'TASIKMALAYA', 9216, 9872, 3237, 0.33, 'default', 0, 0, 0, 0, 'TASIKMALAYA', 3072, 3072, 267, 0.09]
